50 - Winsize
2057 - 0
2058 - 1
2059 - 3
2061 - 7
2065 - 15
2070 - 11
2071 - 13
2072 - 21
2074 - 28
2079 - 6
2080 - 9
2082 - 22
2084 - 27
2084 - 31
2085 - 32
2086 - 36
2087 - 39
2088 - 43
2089 - 47
2090 - 53
2101 - 16
2102 - 20
2103 - Packet Dropped!
2103 - 22
2104 - 27
2106 - 36
2107 - 38
2107 - 39
2109 - 46
2110 - 49
2110 - 51
2111 - 52
2112 - 52
3125 - 41
3128 - 41
3128 - 41
3131 - 40
4141 - 39
4147 - 37
5158 - 37
5163 - 37
6173 - 35
6178 - 35
7186 - 34
7192 - 33
8201 - 32
8208 - 32
9216 - 31
9221 - 29
10229 - 29
10230 - 29
10230 - 29
10231 - 29
10232 - 29
10232 - 29
10232 - 29
10233 - 28
11241 - 28
11242 - 27
11242 - 27
11242 - 27
11242 - 27
11243 - 27
11244 - 27
11245 - 27
12253 - 24
12256 - 23
13263 - 22
13265 - 21
13267 - 20
14273 - 19
14276 - 16
15282 - 14
15283 - 14
15283 - 14
15284 - 14
15285 - 14
16290 - 13
16292 - 13
17298 - 11
17299 - 10
18304 - 9
18306 - 9
19311 - 8
19313 - 8
20318 - 7
20319 - 6
21325 - 5
21326 - 5
22330 - 4
22332 - 3
23336 - 3
23336 - 2
24341 - 1
24342 - 0
24344 - 2
24346 - 5
24349 - 11
24354 - 23
24360 - 12
24361 - 12
24362 - 17
24363 - 23
24365 - 32
24365 - 32
24366 - 34
24366 - 34
24367 - 38
24368 - 38
24376 - 9
24376 - 9
24378 - 21
24380 - 27
24380 - 28
24381 - 30
24381 - 32
24382 - 33
24383 - 39
24384 - 44
24385 - 48
24386 - 52
24396 - 11
24398 - 18
24398 - 21
24399 - 22
24400 - 24
24400 - 24
24401 - 29
24402 - 30
24402 - 31
24403 - 33
24404 - 39
24406 - 48
24407 - 52
24417 - 8
24418 - 15
24418 - 16
24419 - 16
24420 - 23
24421 - 27
24422 - 30
24422 - 31
24424 - 38
24426 - 53
24427 - 54
24427 - 54
24438 - 9
24440 - 21
24441 - 23
24442 - 25
24442 - 26
24443 - 27
